<?xml version="1.0" encoding="UTF-8"?>
<!-- Generated by org.testng.reporters.JUnitReportReporter -->
<testsuite hostname="LAPTOP-RKNPTQBR" failures="0" tests="4" name="TestCases.TC_003_LoginDDT" time="67.886" errors="0" timestamp="2021-08-27T23:20:00 IST" skipped="0">
  <testcase classname="TestCases.TC_003_LoginDDT" name="test_LoginDDT" time="11.325"/>
  <system-out/>
  <testcase classname="TestCases.TC_003_LoginDDT" name="test_LoginDDT" time="16.093"/>
  <system-out/>
  <testcase classname="TestCases.TC_003_LoginDDT" name="test_LoginDDT" time="25.921"/>
  <system-out/>
  <testcase classname="TestCases.TC_003_LoginDDT" name="test_LoginDDT" time="14.547"/>
  <system-out/>
</testsuite> <!-- TestCases.TC_003_LoginDDT -->
