<?xml version="1.0" encoding="UTF-8"?>
<!-- Generated by org.testng.reporters.JUnitReportReporter -->
<testsuite hostname="LAPTOP-RKNPTQBR" failures="0" tests="1" name="TestCases.TC_001_AccountRegistration" time="6.188" errors="0" timestamp="2021-08-28T23:25:41 IST" skipped="0">
  <testcase classname="TestCases.TC_001_AccountRegistration" name="test_accout_Registration" time="6.188"/>
  <system-out/>
</testsuite> <!-- TestCases.TC_001_AccountRegistration -->
