<?xml version="1.0" encoding="UTF-8"?>
<!-- Generated by org.testng.reporters.JUnitReportReporter -->
<testsuite hostname="LAPTOP-RKNPTQBR" failures="0" tests="1" name="TestCases.TC_002_Login" time="7.073" errors="0" timestamp="2021-08-28T00:03:09 IST" skipped="0">
  <testcase classname="TestCases.TC_002_Login" name="test_Login" time="7.073"/>
  <system-out/>
</testsuite> <!-- TestCases.TC_002_Login -->
