<?xml version="1.0" encoding="UTF-8"?>
<!-- Generated by org.testng.reporters.JUnitReportReporter -->
<testsuite hostname="LAPTOP-RKNPTQBR" failures="0" tests="1" name="TestCases.TC_001_AccountRegistration" time="7.932" errors="0" timestamp="2021-08-30T15:44:45 IST" skipped="0">
  <testcase classname="TestCases.TC_001_AccountRegistration" name="test_accout_Registration" time="7.932"/>
  <system-out/>
</testsuite> <!-- TestCases.TC_001_AccountRegistration -->
