<?xml version="1.0" encoding="UTF-8"?>
<!-- Generated by org.testng.reporters.JUnitReportReporter -->
<testsuite hostname="LAPTOP-RKNPTQBR" failures="0" tests="1" name="TestCases.TC_002_Login" time="5.997" errors="0" timestamp="2021-08-30T15:44:45 IST" skipped="0">
  <testcase classname="TestCases.TC_002_Login" name="test_Login" time="5.997"/>
  <system-out/>
</testsuite> <!-- TestCases.TC_002_Login -->
